e:\navmeshmilestonecsci522\navmeshmilestonecsci522\522navmeshmilestone\navmeshmilestonecsci522\peworkspace\peworkspace\build-intermediate\x32\debug\luasocket_dist-win32d3d11\io.obj
e:\navmeshmilestonecsci522\navmeshmilestonecsci522\522navmeshmilestone\navmeshmilestonecsci522\peworkspace\peworkspace\build-intermediate\x32\debug\luasocket_dist-win32d3d11\udp.obj
e:\navmeshmilestonecsci522\navmeshmilestonecsci522\522navmeshmilestone\navmeshmilestonecsci522\peworkspace\peworkspace\build-intermediate\x32\debug\luasocket_dist-win32d3d11\select.obj
e:\navmeshmilestonecsci522\navmeshmilestonecsci522\522navmeshmilestone\navmeshmilestonecsci522\peworkspace\peworkspace\build-intermediate\x32\debug\luasocket_dist-win32d3d11\buffer.obj
e:\navmeshmilestonecsci522\navmeshmilestonecsci522\522navmeshmilestone\navmeshmilestonecsci522\peworkspace\peworkspace\build-intermediate\x32\debug\luasocket_dist-win32d3d11\mime.obj
e:\navmeshmilestonecsci522\navmeshmilestonecsci522\522navmeshmilestone\navmeshmilestonecsci522\peworkspace\peworkspace\build-intermediate\x32\debug\luasocket_dist-win32d3d11\inet.obj
e:\navmeshmilestonecsci522\navmeshmilestonecsci522\522navmeshmilestone\navmeshmilestonecsci522\peworkspace\peworkspace\build-intermediate\x32\debug\luasocket_dist-win32d3d11\tcp.obj
e:\navmeshmilestonecsci522\navmeshmilestonecsci522\522navmeshmilestone\navmeshmilestonecsci522\peworkspace\peworkspace\build-intermediate\x32\debug\luasocket_dist-win32d3d11\except.obj
e:\navmeshmilestonecsci522\navmeshmilestonecsci522\522navmeshmilestone\navmeshmilestonecsci522\peworkspace\peworkspace\build-intermediate\x32\debug\luasocket_dist-win32d3d11\luasocket.obj
e:\navmeshmilestonecsci522\navmeshmilestonecsci522\522navmeshmilestone\navmeshmilestonecsci522\peworkspace\peworkspace\build-intermediate\x32\debug\luasocket_dist-win32d3d11\auxiliar.obj
e:\navmeshmilestonecsci522\navmeshmilestonecsci522\522navmeshmilestone\navmeshmilestonecsci522\peworkspace\peworkspace\build-intermediate\x32\debug\luasocket_dist-win32d3d11\options.obj
e:\navmeshmilestonecsci522\navmeshmilestonecsci522\522navmeshmilestone\navmeshmilestonecsci522\peworkspace\peworkspace\build-intermediate\x32\debug\luasocket_dist-win32d3d11\timeout.obj
e:\navmeshmilestonecsci522\navmeshmilestonecsci522\522navmeshmilestone\navmeshmilestonecsci522\peworkspace\peworkspace\build-intermediate\x32\debug\luasocket_dist-win32d3d11\wsocket.obj
e:\navmeshmilestonecsci522\navmeshmilestonecsci522\522navmeshmilestone\navmeshmilestonecsci522\peworkspace\peworkspace\build\luasocket_dist-win32d3d11.pdb
e:\navmeshmilestonecsci522\navmeshmilestonecsci522\522navmeshmilestone\navmeshmilestonecsci522\peworkspace\peworkspace\build\luasocket_dist-win32d3d11.lib
e:\navmeshmilestonecsci522\navmeshmilestonecsci522\522navmeshmilestone\navmeshmilestonecsci522\peworkspace\peworkspace\build-intermediate\x32\debug\luasocket_dist-win32d3d11\luasocke.a0f3b5ad.tlog\cl.24448.write.1.tlog
e:\navmeshmilestonecsci522\navmeshmilestonecsci522\522navmeshmilestone\navmeshmilestonecsci522\peworkspace\peworkspace\build-intermediate\x32\debug\luasocket_dist-win32d3d11\luasocke.a0f3b5ad.tlog\cl.read.1.tlog
e:\navmeshmilestonecsci522\navmeshmilestonecsci522\522navmeshmilestone\navmeshmilestonecsci522\peworkspace\peworkspace\build-intermediate\x32\debug\luasocket_dist-win32d3d11\luasocke.a0f3b5ad.tlog\cl.command.1.tlog
e:\navmeshmilestonecsci522\navmeshmilestonecsci522\522navmeshmilestone\navmeshmilestonecsci522\peworkspace\peworkspace\build-intermediate\x32\debug\luasocket_dist-win32d3d11\luasocke.a0f3b5ad.tlog\lib-link.read.1.tlog
e:\navmeshmilestonecsci522\navmeshmilestonecsci522\522navmeshmilestone\navmeshmilestonecsci522\peworkspace\peworkspace\build-intermediate\x32\debug\luasocket_dist-win32d3d11\luasocke.a0f3b5ad.tlog\lib-link.write.1.tlog
e:\navmeshmilestonecsci522\navmeshmilestonecsci522\522navmeshmilestone\navmeshmilestonecsci522\peworkspace\peworkspace\build-intermediate\x32\debug\luasocket_dist-win32d3d11\luasocke.a0f3b5ad.tlog\lib.command.1.tlog
