  nums_spe.c
  NavMesh.cpp
  D3D11_IndexBufferGPU.cpp
  D3D11_ResourceBufferGPU.cpp
  D3D11_VertexBufferGPU.cpp
  D3D9_IndexBufferGPU.cpp
  D3D9_VertexBufferGPU.cpp
  DX9_KeyboardMouse.cpp
  DX9_XInput.cpp
  Effect.cpp
  EffectManager.cpp
  EffectManagerEffects.cpp
  Effect_D3D11.cpp
  Effect_D3D9.cpp
  Effect_GL.cpp
  Effect_Lua.cpp
  ExternalPerTechniqueData.cpp
  GLSLAttributes.cpp
  PEAlphaBlendState.cpp
E:\NavmeshMilestoneCSCI522\NavmeshMilestoneCSCI522\522NavMeshMilestone\NavmeshMilestoneCSCI522\PEWorkspace\PEWorkspace\Code\PrimeEngine\APIAbstraction\Effect\Effect.cpp(181,24): warning C4996: 'sprintf': This function or variable may be unsafe. Consider using sprintf_s instead. To disable deprecation, use _CRT_SECURE_NO_WARNINGS. See online help for details.
E:\NavmeshMilestoneCSCI522\NavmeshMilestoneCSCI522\522NavMeshMilestone\NavmeshMilestoneCSCI522\PEWorkspace\PEWorkspace\Code\PrimeEngine\APIAbstraction\Effect\Effect.cpp(182,24): warning C4996: 'sprintf': This function or variable may be unsafe. Consider using sprintf_s instead. To disable deprecation, use _CRT_SECURE_NO_WARNINGS. See online help for details.
E:\NavmeshMilestoneCSCI522\NavmeshMilestoneCSCI522\522NavMeshMilestone\NavmeshMilestoneCSCI522\PEWorkspace\PEWorkspace\Code\PrimeEngine\APIAbstraction\Effect\Effect.cpp(183,24): warning C4996: 'sprintf': This function or variable may be unsafe. Consider using sprintf_s instead. To disable deprecation, use _CRT_SECURE_NO_WARNINGS. See online help for details.
E:\NavmeshMilestoneCSCI522\NavmeshMilestoneCSCI522\522NavMeshMilestone\NavmeshMilestoneCSCI522\PEWorkspace\PEWorkspace\Code\PrimeEngine\APIAbstraction\Effect\Effect.cpp(184,24): warning C4996: 'sprintf': This function or variable may be unsafe. Consider using sprintf_s instead. To disable deprecation, use _CRT_SECURE_NO_WARNINGS. See online help for details.
E:\NavmeshMilestoneCSCI522\NavmeshMilestoneCSCI522\522NavMeshMilestone\NavmeshMilestoneCSCI522\PEWorkspace\PEWorkspace\Code\NavMesh.cpp(70,22): warning C4018: '<': signed/unsigned mismatch
E:\NavmeshMilestoneCSCI522\NavmeshMilestoneCSCI522\522NavMeshMilestone\NavmeshMilestoneCSCI522\PEWorkspace\PEWorkspace\Code\NavMesh.cpp(79,27): warning C4018: '<': signed/unsigned mismatch
E:\NavmeshMilestoneCSCI522\NavmeshMilestoneCSCI522\522NavMeshMilestone\NavmeshMilestoneCSCI522\PEWorkspace\PEWorkspace\Code\NavMesh.cpp(116,22): warning C4018: '<': signed/unsigned mismatch
E:\NavmeshMilestoneCSCI522\NavmeshMilestoneCSCI522\522NavMeshMilestone\NavmeshMilestoneCSCI522\PEWorkspace\PEWorkspace\Code\NavMesh.cpp(232,20): warning C4244: 'initializing': conversion from 'int' to 'float', possible loss of data
E:\NavmeshMilestoneCSCI522\NavmeshMilestoneCSCI522\522NavMeshMilestone\NavmeshMilestoneCSCI522\PEWorkspace\PEWorkspace\Code\NavMesh.cpp(236,26): warning C4244: '=': conversion from 'float' to 'int', possible loss of data
  PEDepthStencilState.cpp
  PERasterizerState.cpp
  AnimSetBufferGPU.cpp
  BufferInfo.cpp
  IndexBufferGPU.cpp
  ResourceBufferGPU.cpp
  VertexBufferGPU.cpp
  VertexBufferGPUInputGeoDescs.cpp
  VertexBufferGPUManager.cpp
E:\NavmeshMilestoneCSCI522\NavmeshMilestoneCSCI522\522NavMeshMilestone\NavmeshMilestoneCSCI522\PEWorkspace\PEWorkspace\Code\PrimeEngine\APIAbstraction\GPUBuffers\IndexBufferGPU.cpp(24,5): warning C4996: 'strcpy': This function or variable may be unsafe. Consider using strcpy_s instead. To disable deprecation, use _CRT_SECURE_NO_WARNINGS. See online help for details.
  GPUMaterial.cpp
  Input.cpp
  OGL_IndexBufferGPU.cpp
  OGL_VertexBufferGPU.cpp
  GPUTextureManager.cpp
  SamplerState.cpp
  Texture.cpp
  Texture_DDS_Loader_Common.cpp
E:\NavmeshMilestoneCSCI522\NavmeshMilestoneCSCI522\522NavMeshMilestone\NavmeshMilestoneCSCI522\PEWorkspace\PEWorkspace\Code\PrimeEngine\APIAbstraction\GPUBuffers\AnimSetBufferGPU.cpp(85,31): warning C4018: '<': signed/unsigned mismatch
E:\NavmeshMilestoneCSCI522\NavmeshMilestoneCSCI522\522NavMeshMilestone\NavmeshMilestoneCSCI522\PEWorkspace\PEWorkspace\Code\PrimeEngine\APIAbstraction\GPUBuffers\AnimSetBufferGPU.cpp(95,31): warning C4018: '<': signed/unsigned mismatch
  Texture_DDS_Loader_D3D.cpp
  Texture_DrawableIntoColorTexture.cpp
  Texture_DrawableIntoColorTextureArray.cpp
  Texture_DrawableIntoColorTextureWithDepth.cpp
  Texture_DrawableIntoDepthTexture.cpp
  Timer.cpp
  WinTimer.cpp
  WinApplication.cpp
E:\NavmeshMilestoneCSCI522\NavmeshMilestoneCSCI522\522NavMeshMilestone\NavmeshMilestoneCSCI522\PEWorkspace\PEWorkspace\Code\PrimeEngine\APIAbstraction\Texture\Texture_DrawableIntoColorTexture.cpp(131,21): warning C4244: '=': conversion from 'PrimitiveTypes::UInt32' to 'FLOAT', possible loss of data
E:\NavmeshMilestoneCSCI522\NavmeshMilestoneCSCI522\522NavMeshMilestone\NavmeshMilestoneCSCI522\PEWorkspace\PEWorkspace\Code\PrimeEngine\APIAbstraction\Texture\Texture_DrawableIntoColorTexture.cpp(132,22): warning C4244: '=': conversion from 'PrimitiveTypes::UInt32' to 'FLOAT', possible loss of data
  Component.cpp
E:\NavmeshMilestoneCSCI522\NavmeshMilestoneCSCI522\522NavMeshMilestone\NavmeshMilestoneCSCI522\PEWorkspace\PEWorkspace\Code\PrimeEngine\APIAbstraction\Texture\Texture_DrawableIntoColorTextureWithDepth.cpp(212,21): warning C4244: '=': conversion from 'PrimitiveTypes::UInt32' to 'FLOAT', possible loss of data
E:\NavmeshMilestoneCSCI522\NavmeshMilestoneCSCI522\522NavMeshMilestone\NavmeshMilestoneCSCI522\PEWorkspace\PEWorkspace\Code\PrimeEngine\APIAbstraction\Texture\Texture_DrawableIntoColorTextureWithDepth.cpp(213,22): warning C4244: '=': conversion from 'PrimitiveTypes::UInt32' to 'FLOAT', possible loss of data
  Event.cpp
  EventQueue.cpp
E:\NavmeshMilestoneCSCI522\NavmeshMilestoneCSCI522\522NavMeshMilestone\NavmeshMilestoneCSCI522\PEWorkspace\PEWorkspace\Code\PrimeEngine\APIAbstraction\Texture\Texture_DrawableIntoDepthTexture.cpp(30,21): warning C4244: '=': conversion from 'PrimitiveTypes::UInt32' to 'FLOAT', possible loss of data
E:\NavmeshMilestoneCSCI522\NavmeshMilestoneCSCI522\522NavMeshMilestone\NavmeshMilestoneCSCI522\PEWorkspace\PEWorkspace\Code\PrimeEngine\APIAbstraction\Texture\Texture_DrawableIntoDepthTexture.cpp(31,22): warning C4244: '=': conversion from 'PrimitiveTypes::UInt32' to 'FLOAT', possible loss of data
  EventQueueManager.cpp
  StandardControllerEvents.cpp
  StandardEvents.cpp
  StandardGameEvents.cpp
  StandardKeyboardEvents.cpp
  FileReader.cpp
  FileWriter.cpp
E:\NavmeshMilestoneCSCI522\NavmeshMilestoneCSCI522\522NavMeshMilestone\NavmeshMilestoneCSCI522\PEWorkspace\PEWorkspace\Code\PrimeEngine\Application\WinApplication.cpp(47,19): warning C4838: conversion from 'unsigned int' to 'LONG' requires a narrowing conversion
E:\NavmeshMilestoneCSCI522\NavmeshMilestoneCSCI522\522NavMeshMilestone\NavmeshMilestoneCSCI522\PEWorkspace\PEWorkspace\Code\PrimeEngine\Application\WinApplication.cpp(47,26): warning C4838: conversion from 'unsigned int' to 'LONG' requires a narrowing conversion
  ClientGame.cpp
  GameContext.cpp
  GlobalRegistry.cpp
  ServerGame.cpp
  Camera.cpp
  DefaultGameControls.cpp
  GameObjectManager.cpp
  GameThreadJob.cpp
  ColorBufferCPU.cpp
  IndexBufferCPU.cpp
  MaterialCPU.cpp
E:\NavmeshMilestoneCSCI522\NavmeshMilestoneCSCI522\522NavMeshMilestone\NavmeshMilestoneCSCI522\PEWorkspace\PEWorkspace\Code\PrimeEngine\FileSystem\FileReader.cpp(24,8): warning C4996: 'fopen': This function or variable may be unsafe. Consider using fopen_s instead. To disable deprecation, use _CRT_SECURE_NO_WARNINGS. See online help for details.
E:\NavmeshMilestoneCSCI522\NavmeshMilestoneCSCI522\522NavMeshMilestone\NavmeshMilestoneCSCI522\PEWorkspace\PEWorkspace\Code\PrimeEngine\FileSystem\FileReader.cpp(115,3): warning C4996: 'fscanf': This function or variable may be unsafe. Consider using fscanf_s instead. To disable deprecation, use _CRT_SECURE_NO_WARNINGS. See online help for details.
E:\NavmeshMilestoneCSCI522\NavmeshMilestoneCSCI522\522NavMeshMilestone\NavmeshMilestoneCSCI522\PEWorkspace\PEWorkspace\Code\PrimeEngine\FileSystem\FileReader.cpp(124,3): warning C4996: 'fscanf': This function or variable may be unsafe. Consider using fscanf_s instead. To disable deprecation, use _CRT_SECURE_NO_WARNINGS. See online help for details.
E:\NavmeshMilestoneCSCI522\NavmeshMilestoneCSCI522\522NavMeshMilestone\NavmeshMilestoneCSCI522\PEWorkspace\PEWorkspace\Code\PrimeEngine\FileSystem\FileReader.cpp(181,11): warning C4996: 'fopen': This function or variable may be unsafe. Consider using fopen_s instead. To disable deprecation, use _CRT_SECURE_NO_WARNINGS. See online help for details.
E:\NavmeshMilestoneCSCI522\NavmeshMilestoneCSCI522\522NavMeshMilestone\NavmeshMilestoneCSCI522\PEWorkspace\PEWorkspace\Code\PrimeEngine\FileSystem\FileReader.cpp(210,11): warning C4996: 'fopen': This function or variable may be unsafe. Consider using fopen_s instead. To disable deprecation, use _CRT_SECURE_NO_WARNINGS. See online help for details.
  MaterialSetCPU.cpp
  MeshCPU.cpp
  PointListCPU.cpp
  NormalBufferCPU.cpp
  NormalBufferCPUManager.cpp
E:\NavmeshMilestoneCSCI522\NavmeshMilestoneCSCI522\522NavMeshMilestone\NavmeshMilestoneCSCI522\PEWorkspace\PEWorkspace\Code\PrimeEngine\Geometry\IndexBufferCPU\IndexBufferCPU.cpp(145,25): warning C4018: '<': signed/unsigned mismatch
E:\NavmeshMilestoneCSCI522\NavmeshMilestoneCSCI522\522NavMeshMilestone\NavmeshMilestoneCSCI522\PEWorkspace\PEWorkspace\Code\PrimeEngine\Geometry\IndexBufferCPU\IndexBufferCPU.cpp(21,5): warning C4996: 'strcpy': This function or variable may be unsafe. Consider using strcpy_s instead. To disable deprecation, use _CRT_SECURE_NO_WARNINGS. See online help for details.
  BladeFireParticleSystemCPU.cpp
  ExplosionParticleSystemCPU.cpp
  FireParticleSystemCPU.cpp
  ParticleBufferCPU.cpp
E:\NavmeshMilestoneCSCI522\NavmeshMilestoneCSCI522\522NavMeshMilestone\NavmeshMilestoneCSCI522\PEWorkspace\PEWorkspace\Code\PrimeEngine\GameThreadJob.cpp(314,6): warning C4996: 'sprintf': This function or variable may be unsafe. Consider using sprintf_s instead. To disable deprecation, use _CRT_SECURE_NO_WARNINGS. See online help for details.
E:\NavmeshMilestoneCSCI522\NavmeshMilestoneCSCI522\522NavMeshMilestone\NavmeshMilestoneCSCI522\PEWorkspace\PEWorkspace\Code\PrimeEngine\GameThreadJob.cpp(325,6): warning C4996: 'sprintf': This function or variable may be unsafe. Consider using sprintf_s instead. To disable deprecation, use _CRT_SECURE_NO_WARNINGS. See online help for details.
E:\NavmeshMilestoneCSCI522\NavmeshMilestoneCSCI522\522NavMeshMilestone\NavmeshMilestoneCSCI522\PEWorkspace\PEWorkspace\Code\PrimeEngine\GameThreadJob.cpp(350,6): warning C4996: 'sprintf': This function or variable may be unsafe. Consider using sprintf_s instead. To disable deprecation, use _CRT_SECURE_NO_WARNINGS. See online help for details.
  ParticleSystemCPU.cpp
  RainParticleSystemCPU.cpp
  SmokeParticleSystemCPU.cpp
  PositionBufferCPU.cpp
  PositionBufferCPUManager.cpp
  AnimationCPU.cpp
  AnimationSetCPU.cpp
  AnimationSetGPUManager.cpp
  SkeletonCPU.cpp
  SkinWeightsCPU.cpp
  TangentBuferCPU.cpp
  TexCoordBufferCPU.cpp
  TexCoordBufferCPUManager.cpp
  Log.cpp
  ClientLuaEnvironment.cpp
E:\NavmeshMilestoneCSCI522\NavmeshMilestoneCSCI522\522NavMeshMilestone\NavmeshMilestoneCSCI522\PEWorkspace\PEWorkspace\Code\PrimeEngine\Geometry\SkeletonCPU\AnimationCPU.cpp(47,38): warning C4018: '<': signed/unsigned mismatch
  EventDataCreators.cpp
  LuaEnvironment.cpp
  ServerLuaEnvironment.cpp
  MainFunctionArgs.cpp
E:\NavmeshMilestoneCSCI522\NavmeshMilestoneCSCI522\522NavMeshMilestone\NavmeshMilestoneCSCI522\PEWorkspace\PEWorkspace\Code\PrimeEngine\Geometry\SkeletonCPU\SkinWeightsCPU.cpp(69,22): warning C4018: '<': signed/unsigned mismatch
E:\NavmeshMilestoneCSCI522\NavmeshMilestoneCSCI522\522NavMeshMilestone\NavmeshMilestoneCSCI522\PEWorkspace\PEWorkspace\Code\PrimeEngine\Geometry\SkeletonCPU\SkinWeightsCPU.cpp(72,29): warning C4018: '>': signed/unsigned mismatch
E:\NavmeshMilestoneCSCI522\NavmeshMilestoneCSCI522\522NavMeshMilestone\NavmeshMilestoneCSCI522\PEWorkspace\PEWorkspace\Code\PrimeEngine\Geometry\SkeletonCPU\SkinWeightsCPU.cpp(76,24): warning C4018: '<': signed/unsigned mismatch
  CameraOps.cpp
  MemoryManager.cpp
  MemoryPool.cpp
  ClientConnectionManager.cpp
  ClientNetworkManager.cpp
  ConnectionManager.cpp
  EventManager.cpp
  NetworkManager.cpp
  ServerConnectionManager.cpp
  ServerNetworkManager.cpp
  StreamManager.cpp
  Profiling.cpp
  D3D11Renderer.cpp
  IRenderer.cpp
  MiscShaderActions.cpp
  SA_Bind_Resource.cpp
E:\NavmeshMilestoneCSCI522\NavmeshMilestoneCSCI522\522NavMeshMilestone\NavmeshMilestoneCSCI522\PEWorkspace\PEWorkspace\Code\PrimeEngine\Networking\Client\ClientNetworkManager.cpp(184,17): warning C4305: 'initializing': truncation from 'double' to 'float'
E:\NavmeshMilestoneCSCI522\NavmeshMilestoneCSCI522\522NavMeshMilestone\NavmeshMilestoneCSCI522\PEWorkspace\PEWorkspace\Code\PrimeEngine\Networking\Client\ClientNetworkManager.cpp(175,2): warning C4996: 'sprintf': This function or variable may be unsafe. Consider using sprintf_s instead. To disable deprecation, use _CRT_SECURE_NO_WARNINGS. See online help for details.
E:\NavmeshMilestoneCSCI522\NavmeshMilestoneCSCI522\522NavMeshMilestone\NavmeshMilestoneCSCI522\PEWorkspace\PEWorkspace\Code\PrimeEngine\Networking\EventManager.cpp(206,2): warning C4996: 'sprintf': This function or variable may be unsafe. Consider using sprintf_s instead. To disable deprecation, use _CRT_SECURE_NO_WARNINGS. See online help for details.
E:\NavmeshMilestoneCSCI522\NavmeshMilestoneCSCI522\522NavMeshMilestone\NavmeshMilestoneCSCI522\PEWorkspace\PEWorkspace\Code\PrimeEngine\Networking\EventManager.cpp(211,2): warning C4996: 'sprintf': This function or variable may be unsafe. Consider using sprintf_s instead. To disable deprecation, use _CRT_SECURE_NO_WARNINGS. See online help for details.
E:\NavmeshMilestoneCSCI522\NavmeshMilestoneCSCI522\522NavMeshMilestone\NavmeshMilestoneCSCI522\PEWorkspace\PEWorkspace\Code\PrimeEngine\Networking\EventManager.cpp(219,2): warning C4996: 'sprintf': This function or variable may be unsafe. Consider using sprintf_s instead. To disable deprecation, use _CRT_SECURE_NO_WARNINGS. See online help for details.
E:\NavmeshMilestoneCSCI522\NavmeshMilestoneCSCI522\522NavMeshMilestone\NavmeshMilestoneCSCI522\PEWorkspace\PEWorkspace\Code\PrimeEngine\Networking\EventManager.cpp(225,4): warning C4996: 'sprintf': This function or variable may be unsafe. Consider using sprintf_s instead. To disable deprecation, use _CRT_SECURE_NO_WARNINGS. See online help for details.
E:\NavmeshMilestoneCSCI522\NavmeshMilestoneCSCI522\522NavMeshMilestone\NavmeshMilestoneCSCI522\PEWorkspace\PEWorkspace\Code\PrimeEngine\Networking\EventManager.cpp(229,4): warning C4996: 'sprintf': This function or variable may be unsafe. Consider using sprintf_s instead. To disable deprecation, use _CRT_SECURE_NO_WARNINGS. See online help for details.
E:\NavmeshMilestoneCSCI522\NavmeshMilestoneCSCI522\522NavMeshMilestone\NavmeshMilestoneCSCI522\PEWorkspace\PEWorkspace\Code\PrimeEngine\Networking\EventManager.cpp(231,3): warning C4996: 'sprintf': This function or variable may be unsafe. Consider using sprintf_s instead. To disable deprecation, use _CRT_SECURE_NO_WARNINGS. See online help for details.
E:\NavmeshMilestoneCSCI522\NavmeshMilestoneCSCI522\522NavMeshMilestone\NavmeshMilestoneCSCI522\PEWorkspace\PEWorkspace\Code\PrimeEngine\Networking\EventManager.cpp(234,2): warning C4996: 'sprintf': This function or variable may be unsafe. Consider using sprintf_s instead. To disable deprecation, use _CRT_SECURE_NO_WARNINGS. See online help for details.
E:\NavmeshMilestoneCSCI522\NavmeshMilestoneCSCI522\522NavMeshMilestone\NavmeshMilestoneCSCI522\PEWorkspace\PEWorkspace\Code\PrimeEngine\Networking\EventManager.cpp(235,2): warning C4996: 'sprintf': This function or variable may be unsafe. Consider using sprintf_s instead. To disable deprecation, use _CRT_SECURE_NO_WARNINGS. See online help for details.
E:\NavmeshMilestoneCSCI522\NavmeshMilestoneCSCI522\522NavMeshMilestone\NavmeshMilestoneCSCI522\PEWorkspace\PEWorkspace\Code\PrimeEngine\Networking\EventManager.cpp(241,2): warning C4996: 'sprintf': This function or variable may be unsafe. Consider using sprintf_s instead. To disable deprecation, use _CRT_SECURE_NO_WARNINGS. See online help for details.
  SA_CopyInto_SysMem_FromInstancedObjectsAnimationCSReduceResult.cpp
  SA_SetAndBind_ConstResource_InstancedObjectsAnimationPalettes.cpp
  SA_SetAndBind_ConstResource_PerInstanceData.cpp
  SA_SetAndBind_ConstResource_SingleObjectAnimationPalette.cpp
  SetInstanceControlConstantsShaderAction.cpp
E:\NavmeshMilestoneCSCI522\NavmeshMilestoneCSCI522\522NavMeshMilestone\NavmeshMilestoneCSCI522\PEWorkspace\PEWorkspace\Code\PrimeEngine\Networking\Server\ServerNetworkManager.cpp(192,17): warning C4305: 'initializing': truncation from 'double' to 'float'
E:\NavmeshMilestoneCSCI522\NavmeshMilestoneCSCI522\522NavMeshMilestone\NavmeshMilestoneCSCI522\PEWorkspace\PEWorkspace\Code\PrimeEngine\Networking\Server\ServerNetworkManager.cpp(186,2): warning C4996: 'sprintf': This function or variable may be unsafe. Consider using sprintf_s instead. To disable deprecation, use _CRT_SECURE_NO_WARNINGS. See online help for details.
E:\NavmeshMilestoneCSCI522\NavmeshMilestoneCSCI522\522NavMeshMilestone\NavmeshMilestoneCSCI522\PEWorkspace\PEWorkspace\Code\PrimeEngine\Networking\Server\ServerNetworkManager.cpp(198,3): warning C4996: 'sprintf': This function or variable may be unsafe. Consider using sprintf_s instead. To disable deprecation, use _CRT_SECURE_NO_WARNINGS. See online help for details.
  SetPerFrameConstantsShaderAction.cpp
  SetPerMaterialConstantsShaderAction.cpp
  SetPerObjectConstantsShaderAction.cpp
  SetPerObjectGroupConstantsShaderAction.cpp
  ShaderAction.cpp
  RenderJob.cpp
  CameraManager.cpp
  CameraSceneNode.cpp
  DebugRenderer.cpp
  DefaultAnimationSM.cpp
  DrawList.cpp
  InstancingSceneNode.cpp
  Light.cpp
  LineMesh.cpp
  Mesh.cpp
  MeshInstance.cpp
  MeshManager.cpp
  RootSceneNode.cpp
  SH_DRAW.cpp
  SceneNode.cpp
E:\NavmeshMilestoneCSCI522\NavmeshMilestoneCSCI522\522NavMeshMilestone\NavmeshMilestoneCSCI522\PEWorkspace\PEWorkspace\Code\PrimeEngine\Scene\DefaultAnimationSM.cpp(353,21): warning C4018: '<': signed/unsigned mismatch
E:\NavmeshMilestoneCSCI522\NavmeshMilestoneCSCI522\522NavMeshMilestone\NavmeshMilestoneCSCI522\PEWorkspace\PEWorkspace\Code\PrimeEngine\Scene\DefaultAnimationSM.cpp(364,21): warning C4018: '<': signed/unsigned mismatch
E:\NavmeshMilestoneCSCI522\NavmeshMilestoneCSCI522\522NavMeshMilestone\NavmeshMilestoneCSCI522\PEWorkspace\PEWorkspace\Code\PrimeEngine\Scene\DefaultAnimationSM.cpp(390,41): warning C4018: '<': signed/unsigned mismatch
E:\NavmeshMilestoneCSCI522\NavmeshMilestoneCSCI522\522NavMeshMilestone\NavmeshMilestoneCSCI522\PEWorkspace\PEWorkspace\Code\PrimeEngine\Scene\DefaultAnimationSM.cpp(393,56): warning C4018: '<': signed/unsigned mismatch
E:\NavmeshMilestoneCSCI522\NavmeshMilestoneCSCI522\522NavMeshMilestone\NavmeshMilestoneCSCI522\PEWorkspace\PEWorkspace\Code\PrimeEngine\Scene\DefaultAnimationSM.cpp(428,22): warning C4018: '<': signed/unsigned mismatch
E:\NavmeshMilestoneCSCI522\NavmeshMilestoneCSCI522\522NavMeshMilestone\NavmeshMilestoneCSCI522\PEWorkspace\PEWorkspace\Code\PrimeEngine\Scene\DefaultAnimationSM.cpp(454,25): warning C4018: '<': signed/unsigned mismatch
E:\NavmeshMilestoneCSCI522\NavmeshMilestoneCSCI522\522NavMeshMilestone\NavmeshMilestoneCSCI522\PEWorkspace\PEWorkspace\Code\PrimeEngine\Scene\DefaultAnimationSM.cpp(441,6): warning C4996: 'sprintf': This function or variable may be unsafe. Consider using sprintf_s instead. To disable deprecation, use _CRT_SECURE_NO_WARNINGS. See online help for details.
E:\NavmeshMilestoneCSCI522\NavmeshMilestoneCSCI522\522NavMeshMilestone\NavmeshMilestoneCSCI522\PEWorkspace\PEWorkspace\Code\PrimeEngine\Scene\DefaultAnimationSM.cpp(479,7): warning C4996: 'sprintf': This function or variable may be unsafe. Consider using sprintf_s instead. To disable deprecation, use _CRT_SECURE_NO_WARNINGS. See online help for details.
E:\NavmeshMilestoneCSCI522\NavmeshMilestoneCSCI522\522NavMeshMilestone\NavmeshMilestoneCSCI522\PEWorkspace\PEWorkspace\Code\PrimeEngine\Scene\DefaultAnimationSM.cpp(507,6): warning C4996: 'sprintf': This function or variable may be unsafe. Consider using sprintf_s instead. To disable deprecation, use _CRT_SECURE_NO_WARNINGS. See online help for details.
  Skeleton.cpp
E:\NavmeshMilestoneCSCI522\NavmeshMilestoneCSCI522\522NavMeshMilestone\NavmeshMilestoneCSCI522\PEWorkspace\PEWorkspace\Code\PrimeEngine\Scene\LineMesh.cpp(95,27): warning C4018: '<': signed/unsigned mismatch
E:\NavmeshMilestoneCSCI522\NavmeshMilestoneCSCI522\522NavMeshMilestone\NavmeshMilestoneCSCI522\PEWorkspace\PEWorkspace\Code\PrimeEngine\Scene\Mesh.cpp(108,74): warning C4474: 'sprintf' : too many arguments passed for format string
E:\NavmeshMilestoneCSCI522\NavmeshMilestoneCSCI522\522NavMeshMilestone\NavmeshMilestoneCSCI522\PEWorkspace\PEWorkspace\Code\PrimeEngine\Scene\Mesh.cpp(108,74): message : placeholders and their parameters expect 1 variadic arguments, but 2 were provided
E:\NavmeshMilestoneCSCI522\NavmeshMilestoneCSCI522\522NavMeshMilestone\NavmeshMilestoneCSCI522\PEWorkspace\PEWorkspace\Code\PrimeEngine\Scene\Mesh.cpp(100,3): warning C4996: 'sprintf': This function or variable may be unsafe. Consider using sprintf_s instead. To disable deprecation, use _CRT_SECURE_NO_WARNINGS. See online help for details.
E:\NavmeshMilestoneCSCI522\NavmeshMilestoneCSCI522\522NavMeshMilestone\NavmeshMilestoneCSCI522\PEWorkspace\PEWorkspace\Code\PrimeEngine\Scene\Mesh.cpp(108,3): warning C4996: 'sprintf': This function or variable may be unsafe. Consider using sprintf_s instead. To disable deprecation, use _CRT_SECURE_NO_WARNINGS. See online help for details.
  SkeletonInstance.cpp
  SkyVolumeMesh.cpp
  TextMesh.cpp
  TextSceneNode.cpp
  SoundManager.cpp
  Dir.cpp
E:\NavmeshMilestoneCSCI522\NavmeshMilestoneCSCI522\522NavMeshMilestone\NavmeshMilestoneCSCI522\PEWorkspace\PEWorkspace\Code\PrimeEngine\Scene\MeshManager.cpp(46,2): warning C4996: 'sprintf': This function or variable may be unsafe. Consider using sprintf_s instead. To disable deprecation, use _CRT_SECURE_NO_WARNINGS. See online help for details.
E:\NavmeshMilestoneCSCI522\NavmeshMilestoneCSCI522\522NavMeshMilestone\NavmeshMilestoneCSCI522\PEWorkspace\PEWorkspace\Code\PrimeEngine\Scene\MeshManager.cpp(144,2): warning C4996: 'sprintf': This function or variable may be unsafe. Consider using sprintf_s instead. To disable deprecation, use _CRT_SECURE_NO_WARNINGS. See online help for details.
  ErrorHandling.cpp
  Networkable.cpp
E:\NavmeshMilestoneCSCI522\NavmeshMilestoneCSCI522\522NavMeshMilestone\NavmeshMilestoneCSCI522\PEWorkspace\PEWorkspace\Code\PrimeEngine\Scene\SH_DRAW.cpp(204,35): warning C4018: '<': signed/unsigned mismatch
E:\NavmeshMilestoneCSCI522\NavmeshMilestoneCSCI522\522NavMeshMilestone\NavmeshMilestoneCSCI522\PEWorkspace\PEWorkspace\Code\PrimeEngine\Scene\SH_DRAW.cpp(451,57): warning C4018: '<': signed/unsigned mismatch
E:\NavmeshMilestoneCSCI522\NavmeshMilestoneCSCI522\522NavMeshMilestone\NavmeshMilestoneCSCI522\PEWorkspace\PEWorkspace\Code\PrimeEngine\Scene\SH_DRAW.cpp(504,45): warning C4244: 'argument': conversion from 'int' to 'PrimitiveTypes::Float32', possible loss of data
E:\NavmeshMilestoneCSCI522\NavmeshMilestoneCSCI522\522NavMeshMilestone\NavmeshMilestoneCSCI522\PEWorkspace\PEWorkspace\Code\PrimeEngine\Scene\SH_DRAW.cpp(557,33): warning C4018: '<': signed/unsigned mismatch
E:\NavmeshMilestoneCSCI522\NavmeshMilestoneCSCI522\522NavMeshMilestone\NavmeshMilestoneCSCI522\PEWorkspace\PEWorkspace\Code\PrimeEngine\Scene\SH_DRAW.cpp(792,33): warning C4018: '<': signed/unsigned mismatch
  PEString.cpp
E:\NavmeshMilestoneCSCI522\NavmeshMilestoneCSCI522\522NavMeshMilestone\NavmeshMilestoneCSCI522\PEWorkspace\PEWorkspace\Code\PrimeEngine\Scene\Skeleton.cpp(74,20): warning C4018: '>=': signed/unsigned mismatch
E:\NavmeshMilestoneCSCI522\NavmeshMilestoneCSCI522\522NavMeshMilestone\NavmeshMilestoneCSCI522\PEWorkspace\PEWorkspace\Code\PrimeEngine\Scene\Skeleton.cpp(112,20): warning C4018: '>=': signed/unsigned mismatch
E:\NavmeshMilestoneCSCI522\NavmeshMilestoneCSCI522\522NavMeshMilestone\NavmeshMilestoneCSCI522\PEWorkspace\PEWorkspace\Code\PrimeEngine\Scene\Skeleton.cpp(196,35): warning C4018: '<': signed/unsigned mismatch
  PrimeEngine-win32d3d11.vcxproj -> E:\NavmeshMilestoneCSCI522\NavmeshMilestoneCSCI522\522NavMeshMilestone\NavmeshMilestoneCSCI522\PEWorkspace\PEWorkspace\build\PrimeEngine-win32d3d11.lib
