e:\navmeshmilestonecsci522\navmeshmilestonecsci522\522navmeshmilestone\navmeshmilestonecsci522\peworkspace\peworkspace\build\primeengine-win32d3d11.pdb
e:\navmeshmilestonecsci522\navmeshmilestonecsci522\522navmeshmilestone\navmeshmilestonecsci522\peworkspace\peworkspace\build\primeengine-win32d3d11.idb
e:\navmeshmilestonecsci522\navmeshmilestonecsci522\522navmeshmilestone\navmeshmilestonecsci522\peworkspace\peworkspace\build-intermediate\x32\debug\primeengine-win32d3d11\nums_spe.obj
e:\navmeshmilestonecsci522\navmeshmilestonecsci522\522navmeshmilestone\navmeshmilestonecsci522\peworkspace\peworkspace\build-intermediate\x32\debug\primeengine-win32d3d11\effect_d3d11.obj
e:\navmeshmilestonecsci522\navmeshmilestonecsci522\522navmeshmilestone\navmeshmilestonecsci522\peworkspace\peworkspace\build-intermediate\x32\debug\primeengine-win32d3d11\indexbuffergpu.obj
e:\navmeshmilestonecsci522\navmeshmilestonecsci522\522navmeshmilestone\navmeshmilestonecsci522\peworkspace\peworkspace\build-intermediate\x32\debug\primeengine-win32d3d11\gputexturemanager.obj
e:\navmeshmilestonecsci522\navmeshmilestonecsci522\522navmeshmilestone\navmeshmilestonecsci522\peworkspace\peworkspace\build-intermediate\x32\debug\primeengine-win32d3d11\eventqueue.obj
e:\navmeshmilestonecsci522\navmeshmilestonecsci522\522navmeshmilestone\navmeshmilestonecsci522\peworkspace\peworkspace\build-intermediate\x32\debug\primeengine-win32d3d11\gameobjectmanager.obj
e:\navmeshmilestonecsci522\navmeshmilestonecsci522\522navmeshmilestone\navmeshmilestonecsci522\peworkspace\peworkspace\build-intermediate\x32\debug\primeengine-win32d3d11\fireparticlesystemcpu.obj
e:\navmeshmilestonecsci522\navmeshmilestonecsci522\522navmeshmilestone\navmeshmilestonecsci522\peworkspace\peworkspace\build-intermediate\x32\debug\primeengine-win32d3d11\texcoordbuffercpu.obj
e:\navmeshmilestonecsci522\navmeshmilestonecsci522\522navmeshmilestone\navmeshmilestonecsci522\peworkspace\peworkspace\build-intermediate\x32\debug\primeengine-win32d3d11\connectionmanager.obj
e:\navmeshmilestonecsci522\navmeshmilestonecsci522\522navmeshmilestone\navmeshmilestonecsci522\peworkspace\peworkspace\build-intermediate\x32\debug\primeengine-win32d3d11\sa_bind_resource.obj
e:\navmeshmilestonecsci522\navmeshmilestonecsci522\522navmeshmilestone\navmeshmilestonecsci522\peworkspace\peworkspace\build-intermediate\x32\debug\primeengine-win32d3d11\camerascenenode.obj
e:\navmeshmilestonecsci522\navmeshmilestonecsci522\522navmeshmilestone\navmeshmilestonecsci522\peworkspace\peworkspace\build-intermediate\x32\debug\primeengine-win32d3d11\sh_draw.obj
e:\navmeshmilestonecsci522\navmeshmilestonecsci522\522navmeshmilestone\navmeshmilestonecsci522\peworkspace\peworkspace\build-intermediate\x32\debug\primeengine-win32d3d11\d3d9_vertexbuffergpu.obj
e:\navmeshmilestonecsci522\navmeshmilestonecsci522\522navmeshmilestone\navmeshmilestonecsci522\peworkspace\peworkspace\build-intermediate\x32\debug\primeengine-win32d3d11\effect_lua.obj
e:\navmeshmilestonecsci522\navmeshmilestonecsci522\522navmeshmilestone\navmeshmilestonecsci522\peworkspace\peworkspace\build-intermediate\x32\debug\primeengine-win32d3d11\resourcebuffergpu.obj
e:\navmeshmilestonecsci522\navmeshmilestonecsci522\522navmeshmilestone\navmeshmilestonecsci522\peworkspace\peworkspace\build-intermediate\x32\debug\primeengine-win32d3d11\texture_drawableintocolortexture.obj
e:\navmeshmilestonecsci522\navmeshmilestonecsci522\522navmeshmilestone\navmeshmilestonecsci522\peworkspace\peworkspace\build-intermediate\x32\debug\primeengine-win32d3d11\eventqueuemanager.obj
e:\navmeshmilestonecsci522\navmeshmilestonecsci522\522navmeshmilestone\navmeshmilestonecsci522\peworkspace\peworkspace\build-intermediate\x32\debug\primeengine-win32d3d11\defaultgamecontrols.obj
e:\navmeshmilestonecsci522\navmeshmilestonecsci522\522navmeshmilestone\navmeshmilestonecsci522\peworkspace\peworkspace\build-intermediate\x32\debug\primeengine-win32d3d11\normalbuffercpu.obj
e:\navmeshmilestonecsci522\navmeshmilestonecsci522\522navmeshmilestone\navmeshmilestonecsci522\peworkspace\peworkspace\build-intermediate\x32\debug\primeengine-win32d3d11\positionbuffercpumanager.obj
e:\navmeshmilestonecsci522\navmeshmilestonecsci522\522navmeshmilestone\navmeshmilestonecsci522\peworkspace\peworkspace\build-intermediate\x32\debug\primeengine-win32d3d11\mainfunctionargs.obj
e:\navmeshmilestonecsci522\navmeshmilestonecsci522\522navmeshmilestone\navmeshmilestonecsci522\peworkspace\peworkspace\build-intermediate\x32\debug\primeengine-win32d3d11\serverconnectionmanager.obj
e:\navmeshmilestonecsci522\navmeshmilestonecsci522\522navmeshmilestone\navmeshmilestonecsci522\peworkspace\peworkspace\build-intermediate\x32\debug\primeengine-win32d3d11\setperframeconstantsshaderaction.obj
e:\navmeshmilestonecsci522\navmeshmilestonecsci522\522navmeshmilestone\navmeshmilestonecsci522\peworkspace\peworkspace\build-intermediate\x32\debug\primeengine-win32d3d11\meshinstance.obj
e:\navmeshmilestonecsci522\navmeshmilestonecsci522\522navmeshmilestone\navmeshmilestonecsci522\peworkspace\peworkspace\build-intermediate\x32\debug\primeengine-win32d3d11\errorhandling.obj
e:\navmeshmilestonecsci522\navmeshmilestonecsci522\522navmeshmilestone\navmeshmilestonecsci522\peworkspace\peworkspace\build-intermediate\x32\debug\primeengine-win32d3d11\dx9_keyboardmouse.obj
e:\navmeshmilestonecsci522\navmeshmilestonecsci522\522navmeshmilestone\navmeshmilestonecsci522\peworkspace\peworkspace\build-intermediate\x32\debug\primeengine-win32d3d11\pealphablendstate.obj
e:\navmeshmilestonecsci522\navmeshmilestonecsci522\522navmeshmilestone\navmeshmilestonecsci522\peworkspace\peworkspace\build-intermediate\x32\debug\primeengine-win32d3d11\ogl_vertexbuffergpu.obj
e:\navmeshmilestonecsci522\navmeshmilestonecsci522\522navmeshmilestone\navmeshmilestonecsci522\peworkspace\peworkspace\build-intermediate\x32\debug\primeengine-win32d3d11\texture.obj
e:\navmeshmilestonecsci522\navmeshmilestonecsci522\522navmeshmilestone\navmeshmilestonecsci522\peworkspace\peworkspace\build-intermediate\x32\debug\primeengine-win32d3d11\standardcontrollerevents.obj
e:\navmeshmilestonecsci522\navmeshmilestonecsci522\522navmeshmilestone\navmeshmilestonecsci522\peworkspace\peworkspace\build-intermediate\x32\debug\primeengine-win32d3d11\gamethreadjob.obj
e:\navmeshmilestonecsci522\navmeshmilestonecsci522\522navmeshmilestone\navmeshmilestonecsci522\peworkspace\peworkspace\build-intermediate\x32\debug\primeengine-win32d3d11\positionbuffercpu.obj
e:\navmeshmilestonecsci522\navmeshmilestonecsci522\522navmeshmilestone\navmeshmilestonecsci522\peworkspace\peworkspace\build-intermediate\x32\debug\primeengine-win32d3d11\log.obj
e:\navmeshmilestonecsci522\navmeshmilestonecsci522\522navmeshmilestone\navmeshmilestonecsci522\peworkspace\peworkspace\build-intermediate\x32\debug\primeengine-win32d3d11\cameraops.obj
e:\navmeshmilestonecsci522\navmeshmilestonecsci522\522navmeshmilestone\navmeshmilestonecsci522\peworkspace\peworkspace\build-intermediate\x32\debug\primeengine-win32d3d11\profiling.obj
e:\navmeshmilestonecsci522\navmeshmilestonecsci522\522navmeshmilestone\navmeshmilestonecsci522\peworkspace\peworkspace\build-intermediate\x32\debug\primeengine-win32d3d11\shaderaction.obj
e:\navmeshmilestonecsci522\navmeshmilestonecsci522\522navmeshmilestone\navmeshmilestonecsci522\peworkspace\peworkspace\build-intermediate\x32\debug\primeengine-win32d3d11\linemesh.obj
e:\navmeshmilestonecsci522\navmeshmilestonecsci522\522navmeshmilestone\navmeshmilestonecsci522\peworkspace\peworkspace\build-intermediate\x32\debug\primeengine-win32d3d11\soundmanager.obj
e:\navmeshmilestonecsci522\navmeshmilestonecsci522\522navmeshmilestone\navmeshmilestonecsci522\peworkspace\peworkspace\build-intermediate\x32\debug\primeengine-win32d3d11\d3d11_resourcebuffergpu.obj
e:\navmeshmilestonecsci522\navmeshmilestonecsci522\522navmeshmilestone\navmeshmilestonecsci522\peworkspace\peworkspace\build-intermediate\x32\debug\primeengine-win32d3d11\pedepthstencilstate.obj
e:\navmeshmilestonecsci522\navmeshmilestonecsci522\522navmeshmilestone\navmeshmilestonecsci522\peworkspace\peworkspace\build-intermediate\x32\debug\primeengine-win32d3d11\texture_dds_loader_d3d.obj
e:\navmeshmilestonecsci522\navmeshmilestonecsci522\522navmeshmilestone\navmeshmilestonecsci522\peworkspace\peworkspace\build-intermediate\x32\debug\primeengine-win32d3d11\gamecontext.obj
e:\navmeshmilestonecsci522\navmeshmilestonecsci522\522navmeshmilestone\navmeshmilestonecsci522\peworkspace\peworkspace\build-intermediate\x32\debug\primeengine-win32d3d11\servergame.obj
e:\navmeshmilestonecsci522\navmeshmilestonecsci522\522navmeshmilestone\navmeshmilestonecsci522\peworkspace\peworkspace\build-intermediate\x32\debug\primeengine-win32d3d11\particlesystemcpu.obj
e:\navmeshmilestonecsci522\navmeshmilestonecsci522\522navmeshmilestone\navmeshmilestonecsci522\peworkspace\peworkspace\build-intermediate\x32\debug\primeengine-win32d3d11\texcoordbuffercpumanager.obj
e:\navmeshmilestonecsci522\navmeshmilestonecsci522\522navmeshmilestone\navmeshmilestonecsci522\peworkspace\peworkspace\build-intermediate\x32\debug\primeengine-win32d3d11\networkmanager.obj
e:\navmeshmilestonecsci522\navmeshmilestonecsci522\522navmeshmilestone\navmeshmilestonecsci522\peworkspace\peworkspace\build-intermediate\x32\debug\primeengine-win32d3d11\sa_setandbind_constresource_perinstancedata.obj
e:\navmeshmilestonecsci522\navmeshmilestonecsci522\522navmeshmilestone\navmeshmilestonecsci522\peworkspace\peworkspace\build-intermediate\x32\debug\primeengine-win32d3d11\light.obj
e:\navmeshmilestonecsci522\navmeshmilestonecsci522\522navmeshmilestone\navmeshmilestonecsci522\peworkspace\peworkspace\build-intermediate\x32\debug\primeengine-win32d3d11\scenenode.obj
e:\navmeshmilestonecsci522\navmeshmilestonecsci522\522navmeshmilestone\navmeshmilestonecsci522\peworkspace\peworkspace\build-intermediate\x32\debug\primeengine-win32d3d11\d3d9_indexbuffergpu.obj
e:\navmeshmilestonecsci522\navmeshmilestonecsci522\522navmeshmilestone\navmeshmilestonecsci522\peworkspace\peworkspace\build-intermediate\x32\debug\primeengine-win32d3d11\effect_gl.obj
e:\navmeshmilestonecsci522\navmeshmilestonecsci522\522navmeshmilestone\navmeshmilestonecsci522\peworkspace\peworkspace\build-intermediate\x32\debug\primeengine-win32d3d11\vertexbuffergpuinputgeodescs.obj
e:\navmeshmilestonecsci522\navmeshmilestonecsci522\522navmeshmilestone\navmeshmilestonecsci522\peworkspace\peworkspace\build-intermediate\x32\debug\primeengine-win32d3d11\texture_drawableintocolortexturewithdepth.obj
e:\navmeshmilestonecsci522\navmeshmilestonecsci522\522navmeshmilestone\navmeshmilestonecsci522\peworkspace\peworkspace\build-intermediate\x32\debug\primeengine-win32d3d11\standardgameevents.obj
e:\navmeshmilestonecsci522\navmeshmilestonecsci522\522navmeshmilestone\navmeshmilestonecsci522\peworkspace\peworkspace\build-intermediate\x32\debug\primeengine-win32d3d11\colorbuffercpu.obj
e:\navmeshmilestonecsci522\navmeshmilestonecsci522\522navmeshmilestone\navmeshmilestonecsci522\peworkspace\peworkspace\build-intermediate\x32\debug\primeengine-win32d3d11\normalbuffercpumanager.obj
e:\navmeshmilestonecsci522\navmeshmilestonecsci522\522navmeshmilestone\navmeshmilestonecsci522\peworkspace\peworkspace\build-intermediate\x32\debug\primeengine-win32d3d11\animationsetgpumanager.obj
e:\navmeshmilestonecsci522\navmeshmilestonecsci522\522navmeshmilestone\navmeshmilestonecsci522\peworkspace\peworkspace\build-intermediate\x32\debug\primeengine-win32d3d11\memorypool.obj
e:\navmeshmilestonecsci522\navmeshmilestonecsci522\522navmeshmilestone\navmeshmilestonecsci522\peworkspace\peworkspace\build-intermediate\x32\debug\primeengine-win32d3d11\d3d11renderer.obj
e:\navmeshmilestonecsci522\navmeshmilestonecsci522\522navmeshmilestone\navmeshmilestonecsci522\peworkspace\peworkspace\build-intermediate\x32\debug\primeengine-win32d3d11\setperobjectconstantsshaderaction.obj
e:\navmeshmilestonecsci522\navmeshmilestonecsci522\522navmeshmilestone\navmeshmilestonecsci522\peworkspace\peworkspace\build-intermediate\x32\debug\primeengine-win32d3d11\meshmanager.obj
e:\navmeshmilestonecsci522\navmeshmilestonecsci522\522navmeshmilestone\navmeshmilestonecsci522\peworkspace\peworkspace\build-intermediate\x32\debug\primeengine-win32d3d11\networkable.obj
e:\navmeshmilestonecsci522\navmeshmilestonecsci522\522navmeshmilestone\navmeshmilestonecsci522\peworkspace\peworkspace\build-intermediate\x32\debug\primeengine-win32d3d11\effectmanager.obj
e:\navmeshmilestonecsci522\navmeshmilestonecsci522\522navmeshmilestone\navmeshmilestonecsci522\peworkspace\peworkspace\build-intermediate\x32\debug\primeengine-win32d3d11\vertexbuffergpumanager.obj
e:\navmeshmilestonecsci522\navmeshmilestonecsci522\522navmeshmilestone\navmeshmilestonecsci522\peworkspace\peworkspace\build-intermediate\x32\debug\primeengine-win32d3d11\timer.obj
e:\navmeshmilestonecsci522\navmeshmilestonecsci522\522navmeshmilestone\navmeshmilestonecsci522\peworkspace\peworkspace\build-intermediate\x32\debug\primeengine-win32d3d11\event.obj
e:\navmeshmilestonecsci522\navmeshmilestonecsci522\522navmeshmilestone\navmeshmilestonecsci522\peworkspace\peworkspace\build-intermediate\x32\debug\primeengine-win32d3d11\camera.obj
e:\navmeshmilestonecsci522\navmeshmilestonecsci522\522navmeshmilestone\navmeshmilestonecsci522\peworkspace\peworkspace\build-intermediate\x32\debug\primeengine-win32d3d11\pointlistcpu.obj
e:\navmeshmilestonecsci522\navmeshmilestonecsci522\522navmeshmilestone\navmeshmilestonecsci522\peworkspace\peworkspace\build-intermediate\x32\debug\primeengine-win32d3d11\animationsetcpu.obj
e:\navmeshmilestonecsci522\navmeshmilestonecsci522\522navmeshmilestone\navmeshmilestonecsci522\peworkspace\peworkspace\build-intermediate\x32\debug\primeengine-win32d3d11\serverluaenvironment.obj
e:\navmeshmilestonecsci522\navmeshmilestonecsci522\522navmeshmilestone\navmeshmilestonecsci522\peworkspace\peworkspace\build-intermediate\x32\debug\primeengine-win32d3d11\servernetworkmanager.obj
e:\navmeshmilestonecsci522\navmeshmilestonecsci522\522navmeshmilestone\navmeshmilestonecsci522\peworkspace\peworkspace\build-intermediate\x32\debug\primeengine-win32d3d11\setpermaterialconstantsshaderaction.obj
e:\navmeshmilestonecsci522\navmeshmilestonecsci522\522navmeshmilestone\navmeshmilestonecsci522\peworkspace\peworkspace\build-intermediate\x32\debug\primeengine-win32d3d11\debugrenderer.obj
e:\navmeshmilestonecsci522\navmeshmilestonecsci522\522navmeshmilestone\navmeshmilestonecsci522\peworkspace\peworkspace\build-intermediate\x32\debug\primeengine-win32d3d11\skeleton.obj
e:\navmeshmilestonecsci522\navmeshmilestonecsci522\522navmeshmilestone\navmeshmilestonecsci522\peworkspace\peworkspace\build-intermediate\x32\debug\primeengine-win32d3d11\d3d11_indexbuffergpu.obj
e:\navmeshmilestonecsci522\navmeshmilestonecsci522\522navmeshmilestone\navmeshmilestonecsci522\peworkspace\peworkspace\build-intermediate\x32\debug\primeengine-win32d3d11\glslattributes.obj
e:\navmeshmilestonecsci522\navmeshmilestonecsci522\522navmeshmilestone\navmeshmilestonecsci522\peworkspace\peworkspace\build-intermediate\x32\debug\primeengine-win32d3d11\gpumaterial.obj
e:\navmeshmilestonecsci522\navmeshmilestonecsci522\522navmeshmilestone\navmeshmilestonecsci522\peworkspace\peworkspace\build-intermediate\x32\debug\primeengine-win32d3d11\component.obj
e:\navmeshmilestonecsci522\navmeshmilestonecsci522\522navmeshmilestone\navmeshmilestonecsci522\peworkspace\peworkspace\build-intermediate\x32\debug\primeengine-win32d3d11\globalregistry.obj
e:\navmeshmilestonecsci522\navmeshmilestonecsci522\522navmeshmilestone\navmeshmilestonecsci522\peworkspace\peworkspace\build-intermediate\x32\debug\primeengine-win32d3d11\explosionparticlesystemcpu.obj
e:\navmeshmilestonecsci522\navmeshmilestonecsci522\522navmeshmilestone\navmeshmilestonecsci522\peworkspace\peworkspace\build-intermediate\x32\debug\primeengine-win32d3d11\tangentbufercpu.obj
e:\navmeshmilestonecsci522\navmeshmilestonecsci522\522navmeshmilestone\navmeshmilestonecsci522\peworkspace\peworkspace\build-intermediate\x32\debug\primeengine-win32d3d11\clientnetworkmanager.obj
e:\navmeshmilestonecsci522\navmeshmilestonecsci522\522navmeshmilestone\navmeshmilestonecsci522\peworkspace\peworkspace\build-intermediate\x32\debug\primeengine-win32d3d11\sa_setandbind_constresource_instancedobjectsanimationpalettes.obj
e:\navmeshmilestonecsci522\navmeshmilestonecsci522\522navmeshmilestone\navmeshmilestonecsci522\peworkspace\peworkspace\build-intermediate\x32\debug\primeengine-win32d3d11\instancingscenenode.obj
e:\navmeshmilestonecsci522\navmeshmilestonecsci522\522navmeshmilestone\navmeshmilestonecsci522\peworkspace\peworkspace\build-intermediate\x32\debug\primeengine-win32d3d11\skyvolumemesh.obj
e:\navmeshmilestonecsci522\navmeshmilestonecsci522\522navmeshmilestone\navmeshmilestonecsci522\peworkspace\peworkspace\build-intermediate\x32\debug\primeengine-win32d3d11\effectmanagereffects.obj
e:\navmeshmilestonecsci522\navmeshmilestonecsci522\522navmeshmilestone\navmeshmilestonecsci522\peworkspace\peworkspace\build-intermediate\x32\debug\primeengine-win32d3d11\vertexbuffergpu.obj
e:\navmeshmilestonecsci522\navmeshmilestonecsci522\522navmeshmilestone\navmeshmilestonecsci522\peworkspace\peworkspace\build-intermediate\x32\debug\primeengine-win32d3d11\texture_drawableintodepthtexture.obj
e:\navmeshmilestonecsci522\navmeshmilestonecsci522\522navmeshmilestone\navmeshmilestonecsci522\peworkspace\peworkspace\build-intermediate\x32\debug\primeengine-win32d3d11\standardkeyboardevents.obj
e:\navmeshmilestonecsci522\navmeshmilestonecsci522\522navmeshmilestone\navmeshmilestonecsci522\peworkspace\peworkspace\build-intermediate\x32\debug\primeengine-win32d3d11\indexbuffercpu.obj
e:\navmeshmilestonecsci522\navmeshmilestonecsci522\522navmeshmilestone\navmeshmilestonecsci522\peworkspace\peworkspace\build-intermediate\x32\debug\primeengine-win32d3d11\particlebuffercpu.obj
e:\navmeshmilestonecsci522\navmeshmilestonecsci522\522navmeshmilestone\navmeshmilestonecsci522\peworkspace\peworkspace\build-intermediate\x32\debug\primeengine-win32d3d11\skeletoncpu.obj
e:\navmeshmilestonecsci522\navmeshmilestonecsci522\522navmeshmilestone\navmeshmilestonecsci522\peworkspace\peworkspace\build-intermediate\x32\debug\primeengine-win32d3d11\eventmanager.obj
e:\navmeshmilestonecsci522\navmeshmilestonecsci522\522navmeshmilestone\navmeshmilestonecsci522\peworkspace\peworkspace\build-intermediate\x32\debug\primeengine-win32d3d11\sa_setandbind_constresource_singleobjectanimationpalette.obj
e:\navmeshmilestonecsci522\navmeshmilestonecsci522\522navmeshmilestone\navmeshmilestonecsci522\peworkspace\peworkspace\build-intermediate\x32\debug\primeengine-win32d3d11\mesh.obj
e:\navmeshmilestonecsci522\navmeshmilestonecsci522\522navmeshmilestone\navmeshmilestonecsci522\peworkspace\peworkspace\build-intermediate\x32\debug\primeengine-win32d3d11\dir.obj
e:\navmeshmilestonecsci522\navmeshmilestonecsci522\522navmeshmilestone\navmeshmilestonecsci522\peworkspace\peworkspace\build-intermediate\x32\debug\primeengine-win32d3d11\effect_d3d9.obj
e:\navmeshmilestonecsci522\navmeshmilestonecsci522\522navmeshmilestone\navmeshmilestonecsci522\peworkspace\peworkspace\build-intermediate\x32\debug\primeengine-win32d3d11\animsetbuffergpu.obj
e:\navmeshmilestonecsci522\navmeshmilestonecsci522\522navmeshmilestone\navmeshmilestonecsci522\peworkspace\peworkspace\build-intermediate\x32\debug\primeengine-win32d3d11\texture_drawableintocolortexturearray.obj
e:\navmeshmilestonecsci522\navmeshmilestonecsci522\522navmeshmilestone\navmeshmilestonecsci522\peworkspace\peworkspace\build-intermediate\x32\debug\primeengine-win32d3d11\standardevents.obj
e:\navmeshmilestonecsci522\navmeshmilestonecsci522\522navmeshmilestone\navmeshmilestonecsci522\peworkspace\peworkspace\build-intermediate\x32\debug\primeengine-win32d3d11\materialcpu.obj
e:\navmeshmilestonecsci522\navmeshmilestonecsci522\522navmeshmilestone\navmeshmilestonecsci522\peworkspace\peworkspace\build-intermediate\x32\debug\primeengine-win32d3d11\rainparticlesystemcpu.obj
e:\navmeshmilestonecsci522\navmeshmilestonecsci522\522navmeshmilestone\navmeshmilestonecsci522\peworkspace\peworkspace\build-intermediate\x32\debug\primeengine-win32d3d11\clientluaenvironment.obj
e:\navmeshmilestonecsci522\navmeshmilestonecsci522\522navmeshmilestone\navmeshmilestonecsci522\peworkspace\peworkspace\build-intermediate\x32\debug\primeengine-win32d3d11\memorymanager.obj
e:\navmeshmilestonecsci522\navmeshmilestonecsci522\522navmeshmilestone\navmeshmilestonecsci522\peworkspace\peworkspace\build-intermediate\x32\debug\primeengine-win32d3d11\streammanager.obj
e:\navmeshmilestonecsci522\navmeshmilestonecsci522\522navmeshmilestone\navmeshmilestonecsci522\peworkspace\peworkspace\build-intermediate\x32\debug\primeengine-win32d3d11\setperobjectgroupconstantsshaderaction.obj
e:\navmeshmilestonecsci522\navmeshmilestonecsci522\522navmeshmilestone\navmeshmilestonecsci522\peworkspace\peworkspace\build-intermediate\x32\debug\primeengine-win32d3d11\drawlist.obj
e:\navmeshmilestonecsci522\navmeshmilestonecsci522\522navmeshmilestone\navmeshmilestonecsci522\peworkspace\peworkspace\build-intermediate\x32\debug\primeengine-win32d3d11\skeletoninstance.obj
e:\navmeshmilestonecsci522\navmeshmilestonecsci522\522navmeshmilestone\navmeshmilestonecsci522\peworkspace\peworkspace\build-intermediate\x32\debug\primeengine-win32d3d11\d3d11_vertexbuffergpu.obj
e:\navmeshmilestonecsci522\navmeshmilestonecsci522\522navmeshmilestone\navmeshmilestonecsci522\peworkspace\peworkspace\build-intermediate\x32\debug\primeengine-win32d3d11\perasterizerstate.obj
e:\navmeshmilestonecsci522\navmeshmilestonecsci522\522navmeshmilestone\navmeshmilestonecsci522\peworkspace\peworkspace\build-intermediate\x32\debug\primeengine-win32d3d11\texture_dds_loader_common.obj
e:\navmeshmilestonecsci522\navmeshmilestonecsci522\522navmeshmilestone\navmeshmilestonecsci522\peworkspace\peworkspace\build-intermediate\x32\debug\primeengine-win32d3d11\clientgame.obj
e:\navmeshmilestonecsci522\navmeshmilestonecsci522\522navmeshmilestone\navmeshmilestonecsci522\peworkspace\peworkspace\build-intermediate\x32\debug\primeengine-win32d3d11\bladefireparticlesystemcpu.obj
e:\navmeshmilestonecsci522\navmeshmilestonecsci522\522navmeshmilestone\navmeshmilestonecsci522\peworkspace\peworkspace\build-intermediate\x32\debug\primeengine-win32d3d11\skinweightscpu.obj
e:\navmeshmilestonecsci522\navmeshmilestonecsci522\522navmeshmilestone\navmeshmilestonecsci522\peworkspace\peworkspace\build-intermediate\x32\debug\primeengine-win32d3d11\clientconnectionmanager.obj
e:\navmeshmilestonecsci522\navmeshmilestonecsci522\522navmeshmilestone\navmeshmilestonecsci522\peworkspace\peworkspace\build-intermediate\x32\debug\primeengine-win32d3d11\sa_copyinto_sysmem_frominstancedobjectsanimationcsreduceresult.obj
e:\navmeshmilestonecsci522\navmeshmilestonecsci522\522navmeshmilestone\navmeshmilestonecsci522\peworkspace\peworkspace\build-intermediate\x32\debug\primeengine-win32d3d11\defaultanimationsm.obj
e:\navmeshmilestonecsci522\navmeshmilestonecsci522\522navmeshmilestone\navmeshmilestonecsci522\peworkspace\peworkspace\build-intermediate\x32\debug\primeengine-win32d3d11\textmesh.obj
e:\navmeshmilestonecsci522\navmeshmilestonecsci522\522navmeshmilestone\navmeshmilestonecsci522\peworkspace\peworkspace\build-intermediate\x32\debug\primeengine-win32d3d11\effect.obj
e:\navmeshmilestonecsci522\navmeshmilestonecsci522\522navmeshmilestone\navmeshmilestonecsci522\peworkspace\peworkspace\build-intermediate\x32\debug\primeengine-win32d3d11\bufferinfo.obj
e:\navmeshmilestonecsci522\navmeshmilestonecsci522\522navmeshmilestone\navmeshmilestonecsci522\peworkspace\peworkspace\build-intermediate\x32\debug\primeengine-win32d3d11\ogl_indexbuffergpu.obj
e:\navmeshmilestonecsci522\navmeshmilestonecsci522\522navmeshmilestone\navmeshmilestonecsci522\peworkspace\peworkspace\build-intermediate\x32\debug\primeengine-win32d3d11\samplerstate.obj
e:\navmeshmilestonecsci522\navmeshmilestonecsci522\522navmeshmilestone\navmeshmilestonecsci522\peworkspace\peworkspace\build-intermediate\x32\debug\primeengine-win32d3d11\winapplication.obj
e:\navmeshmilestonecsci522\navmeshmilestonecsci522\522navmeshmilestone\navmeshmilestonecsci522\peworkspace\peworkspace\build-intermediate\x32\debug\primeengine-win32d3d11\filewriter.obj
e:\navmeshmilestonecsci522\navmeshmilestonecsci522\522navmeshmilestone\navmeshmilestonecsci522\peworkspace\peworkspace\build-intermediate\x32\debug\primeengine-win32d3d11\meshcpu.obj
e:\navmeshmilestonecsci522\navmeshmilestonecsci522\522navmeshmilestone\navmeshmilestonecsci522\peworkspace\peworkspace\build-intermediate\x32\debug\primeengine-win32d3d11\animationcpu.obj
e:\navmeshmilestonecsci522\navmeshmilestonecsci522\522navmeshmilestone\navmeshmilestonecsci522\peworkspace\peworkspace\build-intermediate\x32\debug\primeengine-win32d3d11\luaenvironment.obj
e:\navmeshmilestonecsci522\navmeshmilestonecsci522\522navmeshmilestone\navmeshmilestonecsci522\peworkspace\peworkspace\build-intermediate\x32\debug\primeengine-win32d3d11\miscshaderactions.obj
e:\navmeshmilestonecsci522\navmeshmilestonecsci522\522navmeshmilestone\navmeshmilestonecsci522\peworkspace\peworkspace\build-intermediate\x32\debug\primeengine-win32d3d11\cameramanager.obj
e:\navmeshmilestonecsci522\navmeshmilestonecsci522\522navmeshmilestone\navmeshmilestonecsci522\peworkspace\peworkspace\build-intermediate\x32\debug\primeengine-win32d3d11\rootscenenode.obj
e:\navmeshmilestonecsci522\navmeshmilestonecsci522\522navmeshmilestone\navmeshmilestonecsci522\peworkspace\peworkspace\build-intermediate\x32\debug\primeengine-win32d3d11\pestring.obj
e:\navmeshmilestonecsci522\navmeshmilestonecsci522\522navmeshmilestone\navmeshmilestonecsci522\peworkspace\peworkspace\build-intermediate\x32\debug\primeengine-win32d3d11\dx9_xinput.obj
e:\navmeshmilestonecsci522\navmeshmilestonecsci522\522navmeshmilestone\navmeshmilestonecsci522\peworkspace\peworkspace\build-intermediate\x32\debug\primeengine-win32d3d11\externalpertechniquedata.obj
e:\navmeshmilestonecsci522\navmeshmilestonecsci522\522navmeshmilestone\navmeshmilestonecsci522\peworkspace\peworkspace\build-intermediate\x32\debug\primeengine-win32d3d11\input.obj
e:\navmeshmilestonecsci522\navmeshmilestonecsci522\522navmeshmilestone\navmeshmilestonecsci522\peworkspace\peworkspace\build-intermediate\x32\debug\primeengine-win32d3d11\wintimer.obj
e:\navmeshmilestonecsci522\navmeshmilestonecsci522\522navmeshmilestone\navmeshmilestonecsci522\peworkspace\peworkspace\build-intermediate\x32\debug\primeengine-win32d3d11\filereader.obj
e:\navmeshmilestonecsci522\navmeshmilestonecsci522\522navmeshmilestone\navmeshmilestonecsci522\peworkspace\peworkspace\build-intermediate\x32\debug\primeengine-win32d3d11\materialsetcpu.obj
e:\navmeshmilestonecsci522\navmeshmilestonecsci522\522navmeshmilestone\navmeshmilestonecsci522\peworkspace\peworkspace\build-intermediate\x32\debug\primeengine-win32d3d11\smokeparticlesystemcpu.obj
e:\navmeshmilestonecsci522\navmeshmilestonecsci522\522navmeshmilestone\navmeshmilestonecsci522\peworkspace\peworkspace\build-intermediate\x32\debug\primeengine-win32d3d11\eventdatacreators.obj
e:\navmeshmilestonecsci522\navmeshmilestonecsci522\522navmeshmilestone\navmeshmilestonecsci522\peworkspace\peworkspace\build-intermediate\x32\debug\primeengine-win32d3d11\irenderer.obj
e:\navmeshmilestonecsci522\navmeshmilestonecsci522\522navmeshmilestone\navmeshmilestonecsci522\peworkspace\peworkspace\build-intermediate\x32\debug\primeengine-win32d3d11\setinstancecontrolconstantsshaderaction.obj
e:\navmeshmilestonecsci522\navmeshmilestonecsci522\522navmeshmilestone\navmeshmilestonecsci522\peworkspace\peworkspace\build-intermediate\x32\debug\primeengine-win32d3d11\renderjob.obj
e:\navmeshmilestonecsci522\navmeshmilestonecsci522\522navmeshmilestone\navmeshmilestonecsci522\peworkspace\peworkspace\build-intermediate\x32\debug\primeengine-win32d3d11\textscenenode.obj
e:\navmeshmilestonecsci522\navmeshmilestonecsci522\522navmeshmilestone\navmeshmilestonecsci522\peworkspace\peworkspace\build-intermediate\x32\debug\primeengine-win32d3d11\navmesh.obj
e:\navmeshmilestonecsci522\navmeshmilestonecsci522\522navmeshmilestone\navmeshmilestonecsci522\peworkspace\peworkspace\build\primeengine-win32d3d11.lib
e:\navmeshmilestonecsci522\navmeshmilestonecsci522\522navmeshmilestone\navmeshmilestonecsci522\peworkspace\peworkspace\build-intermediate\x32\debug\primeengine-win32d3d11\primeeng.b5262fe1.tlog\cl.read.1.tlog
e:\navmeshmilestonecsci522\navmeshmilestonecsci522\522navmeshmilestone\navmeshmilestonecsci522\peworkspace\peworkspace\build-intermediate\x32\debug\primeengine-win32d3d11\primeeng.b5262fe1.tlog\cl.write.1.tlog
e:\navmeshmilestonecsci522\navmeshmilestonecsci522\522navmeshmilestone\navmeshmilestonecsci522\peworkspace\peworkspace\build-intermediate\x32\debug\primeengine-win32d3d11\primeeng.b5262fe1.tlog\cl.command.1.tlog
e:\navmeshmilestonecsci522\navmeshmilestonecsci522\522navmeshmilestone\navmeshmilestonecsci522\peworkspace\peworkspace\build-intermediate\x32\debug\primeengine-win32d3d11\primeeng.b5262fe1.tlog\lib-link.read.1.tlog
e:\navmeshmilestonecsci522\navmeshmilestonecsci522\522navmeshmilestone\navmeshmilestonecsci522\peworkspace\peworkspace\build-intermediate\x32\debug\primeengine-win32d3d11\primeeng.b5262fe1.tlog\lib-link.write.1.tlog
e:\navmeshmilestonecsci522\navmeshmilestonecsci522\522navmeshmilestone\navmeshmilestonecsci522\peworkspace\peworkspace\build-intermediate\x32\debug\primeengine-win32d3d11\primeeng.b5262fe1.tlog\lib.command.1.tlog
