e:\navmeshmilestonecsci522\navmeshmilestonecsci522\522navmeshmilestone\navmeshmilestonecsci522\peworkspace\peworkspace\build-intermediate\x32\debug\charactercontrol-win32d3d11\test.obj
e:\navmeshmilestonecsci522\navmeshmilestonecsci522\522navmeshmilestone\navmeshmilestonecsci522\peworkspace\peworkspace\build-intermediate\x32\debug\charactercontrol-win32d3d11\testfunc_c_stdcall.obj
e:\navmeshmilestonecsci522\navmeshmilestonecsci522\522navmeshmilestone\navmeshmilestonecsci522\peworkspace\peworkspace\build\charactercontrol-win32d3d11.exe
e:\navmeshmilestonecsci522\navmeshmilestonecsci522\522navmeshmilestone\navmeshmilestonecsci522\peworkspace\peworkspace\build\charactercontrol-win32d3d11.pdb
e:\navmeshmilestonecsci522\navmeshmilestonecsci522\522navmeshmilestone\navmeshmilestonecsci522\peworkspace\peworkspace\build-intermediate\x32\debug\charactercontrol-win32d3d11\clientspaceshipcontrols.obj
e:\navmeshmilestonecsci522\navmeshmilestonecsci522\522navmeshmilestone\navmeshmilestonecsci522\peworkspace\peworkspace\build-intermediate\x32\debug\charactercontrol-win32d3d11\clientspaceship.obj
e:\navmeshmilestonecsci522\navmeshmilestonecsci522\522navmeshmilestone\navmeshmilestonecsci522\peworkspace\peworkspace\build-intermediate\x32\debug\charactercontrol-win32d3d11\servercharactercontrolgame.obj
e:\navmeshmilestonecsci522\navmeshmilestonecsci522\522navmeshmilestone\navmeshmilestonecsci522\peworkspace\peworkspace\build-intermediate\x32\debug\charactercontrol-win32d3d11\gameobjectmanageraddon.obj
e:\navmeshmilestonecsci522\navmeshmilestonecsci522\522navmeshmilestone\navmeshmilestonecsci522\peworkspace\peworkspace\build-intermediate\x32\debug\charactercontrol-win32d3d11\clientgameobjectmanageraddon.obj
e:\navmeshmilestonecsci522\navmeshmilestonecsci522\522navmeshmilestone\navmeshmilestonecsci522\peworkspace\peworkspace\build-intermediate\x32\debug\charactercontrol-win32d3d11\events.obj
e:\navmeshmilestonecsci522\navmeshmilestonecsci522\522navmeshmilestone\navmeshmilestonecsci522\peworkspace\peworkspace\build-intermediate\x32\debug\charactercontrol-win32d3d11\clientcharactercontrolgame.obj
e:\navmeshmilestonecsci522\navmeshmilestonecsci522\522navmeshmilestone\navmeshmilestonecsci522\peworkspace\peworkspace\build-intermediate\x32\debug\charactercontrol-win32d3d11\soldiernpc.obj
e:\navmeshmilestonecsci522\navmeshmilestonecsci522\522navmeshmilestone\navmeshmilestonecsci522\peworkspace\peworkspace\build-intermediate\x32\debug\charactercontrol-win32d3d11\waypoint.obj
e:\navmeshmilestonecsci522\navmeshmilestonecsci522\522navmeshmilestone\navmeshmilestonecsci522\peworkspace\peworkspace\build-intermediate\x32\debug\charactercontrol-win32d3d11\soldiernpcanimationsm.obj
e:\navmeshmilestonecsci522\navmeshmilestonecsci522\522navmeshmilestone\navmeshmilestonecsci522\peworkspace\peworkspace\build-intermediate\x32\debug\charactercontrol-win32d3d11\servergameobjectmanageraddon.obj
e:\navmeshmilestonecsci522\navmeshmilestonecsci522\522navmeshmilestone\navmeshmilestonecsci522\peworkspace\peworkspace\build-intermediate\x32\debug\charactercontrol-win32d3d11\soldiernpcmovementsm.obj
e:\navmeshmilestonecsci522\navmeshmilestonecsci522\522navmeshmilestone\navmeshmilestonecsci522\peworkspace\peworkspace\build-intermediate\x32\debug\charactercontrol-win32d3d11\clienttank.obj
e:\navmeshmilestonecsci522\navmeshmilestonecsci522\522navmeshmilestone\navmeshmilestonecsci522\peworkspace\peworkspace\build-intermediate\x32\debug\charactercontrol-win32d3d11\soldiernpcbehaviorsm.obj
e:\navmeshmilestonecsci522\navmeshmilestonecsci522\522navmeshmilestone\navmeshmilestonecsci522\peworkspace\peworkspace\build-intermediate\x32\debug\charactercontrol-win32d3d11\main.obj
e:\navmeshmilestonecsci522\navmeshmilestonecsci522\522navmeshmilestone\navmeshmilestonecsci522\peworkspace\peworkspace\build-intermediate\x32\debug\charactercontrol-win32d3d11\globalregistry.obj
e:\navmeshmilestonecsci522\navmeshmilestonecsci522\522navmeshmilestone\navmeshmilestonecsci522\peworkspace\peworkspace\build-intermediate\x32\debug\charactercontrol-win32d3d11\vc143.pdb
e:\navmeshmilestonecsci522\navmeshmilestonecsci522\522navmeshmilestone\navmeshmilestonecsci522\peworkspace\peworkspace\build-intermediate\x32\debug\charactercontrol-win32d3d11\vc143.idb
e:\navmeshmilestonecsci522\navmeshmilestonecsci522\522navmeshmilestone\navmeshmilestonecsci522\peworkspace\peworkspace\build-intermediate\x32\debug\charactercontrol-win32d3d11\characte.1011a846.tlog\masm.read.1u.tlog
e:\navmeshmilestonecsci522\navmeshmilestonecsci522\522navmeshmilestone\navmeshmilestonecsci522\peworkspace\peworkspace\build-intermediate\x32\debug\charactercontrol-win32d3d11\characte.1011a846.tlog\masm.write.1u.tlog
e:\navmeshmilestonecsci522\navmeshmilestonecsci522\522navmeshmilestone\navmeshmilestonecsci522\peworkspace\peworkspace\build-intermediate\x32\debug\charactercontrol-win32d3d11\characte.1011a846.tlog\cl.read.1.tlog
e:\navmeshmilestonecsci522\navmeshmilestonecsci522\522navmeshmilestone\navmeshmilestonecsci522\peworkspace\peworkspace\build-intermediate\x32\debug\charactercontrol-win32d3d11\characte.1011a846.tlog\cl.command.1.tlog
e:\navmeshmilestonecsci522\navmeshmilestonecsci522\522navmeshmilestone\navmeshmilestonecsci522\peworkspace\peworkspace\build-intermediate\x32\debug\charactercontrol-win32d3d11\characte.1011a846.tlog\link.read.1.tlog
e:\navmeshmilestonecsci522\navmeshmilestonecsci522\522navmeshmilestone\navmeshmilestonecsci522\peworkspace\peworkspace\build-intermediate\x32\debug\charactercontrol-win32d3d11\characte.1011a846.tlog\link.write.1.tlog
e:\navmeshmilestonecsci522\navmeshmilestonecsci522\522navmeshmilestone\navmeshmilestonecsci522\peworkspace\peworkspace\build-intermediate\x32\debug\charactercontrol-win32d3d11\characte.1011a846.tlog\link.command.1.tlog
e:\navmeshmilestonecsci522\navmeshmilestonecsci522\522navmeshmilestone\navmeshmilestonecsci522\peworkspace\peworkspace\build-intermediate\x32\debug\charactercontrol-win32d3d11\characte.1011a846.tlog\cl.write.1.tlog
