e:\navmeshmilestonecsci522\navmeshmilestonecsci522\522navmeshmilestone\navmeshmilestonecsci522\peworkspace\peworkspace\build-intermediate\x32\debug\lua_dist-win32d3d11\lauxlib.obj
e:\navmeshmilestonecsci522\navmeshmilestonecsci522\522navmeshmilestone\navmeshmilestonecsci522\peworkspace\peworkspace\build-intermediate\x32\debug\lua_dist-win32d3d11\lstrlib.obj
e:\navmeshmilestonecsci522\navmeshmilestonecsci522\522navmeshmilestone\navmeshmilestonecsci522\peworkspace\peworkspace\build-intermediate\x32\debug\lua_dist-win32d3d11\lapi.obj
e:\navmeshmilestonecsci522\navmeshmilestonecsci522\522navmeshmilestone\navmeshmilestonecsci522\peworkspace\peworkspace\build-intermediate\x32\debug\lua_dist-win32d3d11\llex.obj
e:\navmeshmilestonecsci522\navmeshmilestonecsci522\522navmeshmilestone\navmeshmilestonecsci522\peworkspace\peworkspace\build-intermediate\x32\debug\lua_dist-win32d3d11\lbaselib.obj
e:\navmeshmilestonecsci522\navmeshmilestonecsci522\522navmeshmilestone\navmeshmilestonecsci522\peworkspace\peworkspace\build-intermediate\x32\debug\lua_dist-win32d3d11\loslib.obj
e:\navmeshmilestonecsci522\navmeshmilestonecsci522\522navmeshmilestone\navmeshmilestonecsci522\peworkspace\peworkspace\build-intermediate\x32\debug\lua_dist-win32d3d11\liolib.obj
e:\navmeshmilestonecsci522\navmeshmilestonecsci522\522navmeshmilestone\navmeshmilestonecsci522\peworkspace\peworkspace\build-intermediate\x32\debug\lua_dist-win32d3d11\lmem.obj
e:\navmeshmilestonecsci522\navmeshmilestonecsci522\522navmeshmilestone\navmeshmilestonecsci522\peworkspace\peworkspace\build-intermediate\x32\debug\lua_dist-win32d3d11\ltablib.obj
e:\navmeshmilestonecsci522\navmeshmilestonecsci522\522navmeshmilestone\navmeshmilestonecsci522\peworkspace\peworkspace\build-intermediate\x32\debug\lua_dist-win32d3d11\ldebug.obj
e:\navmeshmilestonecsci522\navmeshmilestonecsci522\522navmeshmilestone\navmeshmilestonecsci522\peworkspace\peworkspace\build-intermediate\x32\debug\lua_dist-win32d3d11\ltable.obj
e:\navmeshmilestonecsci522\navmeshmilestonecsci522\522navmeshmilestone\navmeshmilestonecsci522\peworkspace\peworkspace\build-intermediate\x32\debug\lua_dist-win32d3d11\lgc.obj
e:\navmeshmilestonecsci522\navmeshmilestonecsci522\522navmeshmilestone\navmeshmilestonecsci522\peworkspace\peworkspace\build-intermediate\x32\debug\lua_dist-win32d3d11\lparser.obj
e:\navmeshmilestonecsci522\navmeshmilestonecsci522\522navmeshmilestone\navmeshmilestonecsci522\peworkspace\peworkspace\build-intermediate\x32\debug\lua_dist-win32d3d11\ldblib.obj
e:\navmeshmilestonecsci522\navmeshmilestonecsci522\522navmeshmilestone\navmeshmilestonecsci522\peworkspace\peworkspace\build-intermediate\x32\debug\lua_dist-win32d3d11\lmathlib.obj
e:\navmeshmilestonecsci522\navmeshmilestonecsci522\522navmeshmilestone\navmeshmilestonecsci522\peworkspace\peworkspace\build-intermediate\x32\debug\lua_dist-win32d3d11\lundump.obj
e:\navmeshmilestonecsci522\navmeshmilestonecsci522\522navmeshmilestone\navmeshmilestonecsci522\peworkspace\peworkspace\build-intermediate\x32\debug\lua_dist-win32d3d11\ldump.obj
e:\navmeshmilestonecsci522\navmeshmilestonecsci522\522navmeshmilestone\navmeshmilestonecsci522\peworkspace\peworkspace\build-intermediate\x32\debug\lua_dist-win32d3d11\lopcodes.obj
e:\navmeshmilestonecsci522\navmeshmilestonecsci522\522navmeshmilestone\navmeshmilestonecsci522\peworkspace\peworkspace\build-intermediate\x32\debug\lua_dist-win32d3d11\ltm.obj
e:\navmeshmilestonecsci522\navmeshmilestonecsci522\522navmeshmilestone\navmeshmilestonecsci522\peworkspace\peworkspace\build-intermediate\x32\debug\lua_dist-win32d3d11\ldo.obj
e:\navmeshmilestonecsci522\navmeshmilestonecsci522\522navmeshmilestone\navmeshmilestonecsci522\peworkspace\peworkspace\build-intermediate\x32\debug\lua_dist-win32d3d11\lstring.obj
e:\navmeshmilestonecsci522\navmeshmilestonecsci522\522navmeshmilestone\navmeshmilestonecsci522\peworkspace\peworkspace\build-intermediate\x32\debug\lua_dist-win32d3d11\lzio.obj
e:\navmeshmilestonecsci522\navmeshmilestonecsci522\522navmeshmilestone\navmeshmilestonecsci522\peworkspace\peworkspace\build-intermediate\x32\debug\lua_dist-win32d3d11\linit.obj
e:\navmeshmilestonecsci522\navmeshmilestonecsci522\522navmeshmilestone\navmeshmilestonecsci522\peworkspace\peworkspace\build-intermediate\x32\debug\lua_dist-win32d3d11\lstate.obj
e:\navmeshmilestonecsci522\navmeshmilestonecsci522\522navmeshmilestone\navmeshmilestonecsci522\peworkspace\peworkspace\build-intermediate\x32\debug\lua_dist-win32d3d11\lvm.obj
e:\navmeshmilestonecsci522\navmeshmilestonecsci522\522navmeshmilestone\navmeshmilestonecsci522\peworkspace\peworkspace\build-intermediate\x32\debug\lua_dist-win32d3d11\lcode.obj
e:\navmeshmilestonecsci522\navmeshmilestonecsci522\522navmeshmilestone\navmeshmilestonecsci522\peworkspace\peworkspace\build-intermediate\x32\debug\lua_dist-win32d3d11\lobject.obj
e:\navmeshmilestonecsci522\navmeshmilestonecsci522\522navmeshmilestone\navmeshmilestonecsci522\peworkspace\peworkspace\build-intermediate\x32\debug\lua_dist-win32d3d11\print.obj
e:\navmeshmilestonecsci522\navmeshmilestonecsci522\522navmeshmilestone\navmeshmilestonecsci522\peworkspace\peworkspace\build-intermediate\x32\debug\lua_dist-win32d3d11\lfunc.obj
e:\navmeshmilestonecsci522\navmeshmilestonecsci522\522navmeshmilestone\navmeshmilestonecsci522\peworkspace\peworkspace\build-intermediate\x32\debug\lua_dist-win32d3d11\loadlib.obj
e:\navmeshmilestonecsci522\navmeshmilestonecsci522\522navmeshmilestone\navmeshmilestonecsci522\peworkspace\peworkspace\build\lua_dist-win32d3d11.pdb
e:\navmeshmilestonecsci522\navmeshmilestonecsci522\522navmeshmilestone\navmeshmilestonecsci522\peworkspace\peworkspace\build\lua_dist-win32d3d11.lib
e:\navmeshmilestonecsci522\navmeshmilestonecsci522\522navmeshmilestone\navmeshmilestonecsci522\peworkspace\peworkspace\build-intermediate\x32\debug\lua_dist-win32d3d11\lua_dist.f7c98426.tlog\cl.34644.write.1.tlog
e:\navmeshmilestonecsci522\navmeshmilestonecsci522\522navmeshmilestone\navmeshmilestonecsci522\peworkspace\peworkspace\build-intermediate\x32\debug\lua_dist-win32d3d11\lua_dist.f7c98426.tlog\cl.read.1.tlog
e:\navmeshmilestonecsci522\navmeshmilestonecsci522\522navmeshmilestone\navmeshmilestonecsci522\peworkspace\peworkspace\build-intermediate\x32\debug\lua_dist-win32d3d11\lua_dist.f7c98426.tlog\cl.command.1.tlog
e:\navmeshmilestonecsci522\navmeshmilestonecsci522\522navmeshmilestone\navmeshmilestonecsci522\peworkspace\peworkspace\build-intermediate\x32\debug\lua_dist-win32d3d11\lua_dist.f7c98426.tlog\lib-link.read.1.tlog
e:\navmeshmilestonecsci522\navmeshmilestonecsci522\522navmeshmilestone\navmeshmilestonecsci522\peworkspace\peworkspace\build-intermediate\x32\debug\lua_dist-win32d3d11\lua_dist.f7c98426.tlog\lib-link.write.1.tlog
e:\navmeshmilestonecsci522\navmeshmilestonecsci522\522navmeshmilestone\navmeshmilestonecsci522\peworkspace\peworkspace\build-intermediate\x32\debug\lua_dist-win32d3d11\lua_dist.f7c98426.tlog\lib.command.1.tlog
